INFO: [HLS 200-10] Running '/home/user/Desktop/xil/Vitis_HLS/2022.2/bin/unwrapped/lnx64.o/vitis_hls'
INFO: [HLS 200-10] For user 'user' on host 'user' (Linux_x86_64 version 5.15.0-121-generic) on Fri Oct 11 17:28:22 IST 2024
INFO: [HLS 200-10] On os Ubuntu 20.04.6 LTS
INFO: [HLS 200-10] In directory '/home/user/Desktop/HLSDEMO/alexnet/aconv1'
Sourcing Tcl script '/home/user/Desktop/HLSDEMO/alexnet/aconv1/aconv1/solution1/csim.tcl'
INFO: [HLS 200-1510] Running: source /home/user/Desktop/HLSDEMO/alexnet/aconv1/aconv1/solution1/csim.tcl
INFO: [HLS 200-1510] Running: open_project aconv1 
INFO: [HLS 200-10] Opening project '/home/user/Desktop/HLSDEMO/alexnet/aconv1/aconv1'.
INFO: [HLS 200-1510] Running: set_top conv1 
INFO: [HLS 200-1510] Running: add_files conv1.h 
INFO: [HLS 200-10] Adding design file 'conv1.h' to the project
INFO: [HLS 200-1510] Running: add_files main.cpp 
INFO: [HLS 200-10] Adding design file 'main.cpp' to the project
INFO: [HLS 200-1510] Running: add_files -tb tb.cpp -cflags -Wno-unknown-pragmas -Wno-unknown-pragmas -Wno-unknown-pragmas -Wno-unknown-pragmas -csimflags -Wno-unknown-pragmas 
INFO: [HLS 200-10] Adding test bench file 'tb.cpp' to the project
INFO: [HLS 200-1510] Running: open_solution solution1 -flow_target vivado 
INFO: [HLS 200-10] Opening solution '/home/user/Desktop/HLSDEMO/alexnet/aconv1/aconv1/solution1'.
INFO: [SYN 201-201] Setting up clock 'default' with a period of 10ns.
INFO: [HLS 200-1611] Setting target device to 'xc7z020-clg400-1'
INFO: [HLS 200-1505] Using flow_target 'vivado'
Resolution: For help on HLS 200-1505 see www.xilinx.com/cgi-bin/docs/rdoc?v=2022.2;t=hls+guidance;d=200-1505.html
INFO: [HLS 200-1464] Running solution command: config_export -display_name=aconv1
INFO: [HLS 200-1464] Running solution command: config_export -library=conv1
INFO: [HLS 200-1464] Running solution command: config_export -output=/home/user/Desktop/HLSDEMO/alexnet/aconv1
INFO: [HLS 200-1464] Running solution command: config_export -vendor=ayush
INFO: [HLS 200-1464] Running solution command: config_export -version=3.0
INFO: [HLS 200-1464] Running solution command: config_export -format=ip_catalog
INFO: [HLS 200-1464] Running solution command: config_export -rtl=verilog
INFO: [HLS 200-1510] Running: set_part xc7z020clg400-1 
INFO: [HLS 200-1510] Running: create_clock -period 10 -name default 
INFO: [HLS 200-1510] Running: config_export -display_name aconv1 -format ip_catalog -library conv1 -output /home/user/Desktop/HLSDEMO/alexnet/aconv1 -rtl verilog -vendor ayush -version 3.0 
INFO: [HLS 200-1510] Running: source ./aconv1/solution1/directives.tcl
INFO: [HLS 200-1510] Running: set_directive_top -name conv1 conv1 
INFO: [HLS 200-1510] Running: csim_design -quiet 
Running Dispatch Server on port: 42275
INFO: [SIM 211-2] *************** CSIM start ***************
INFO: [SIM 211-4] CSIM will launch GCC as the compiler.
   Compiling ../../../../main.cpp in debug mode
   Generating csim.exe
Initializing input, weights, and bias from conv1.h...
Input (first 10 values):
0.832697 1.036415 1.545709 1.494780 1.223156 1.240132 1.121297 1.240132 1.494780 1.375944 

Weights (first 10 values):
0.118683 0.094110 0.095473 0.105184 0.102940 0.067251 0.050492 0.050155 0.055850 0.021604 

Calling conv1 function...
Output (first 20 values):
output[0] = 1.825635
output[1] = 1.126418
output[2] = 0.490014
output[3] = 2.082291
output[4] = 3.038043
output[5] = 3.692765
output[6] = 3.692765
output[7] = 1.638795
output[8] = 0.974829
output[9] = 1.046714
output[10] = 2.010784
output[11] = 3.165024
output[12] = 3.165024
output[13] = 0.504362
output[14] = 2.291751
output[15] = 2.276385
output[16] = 2.276385
output[17] = 1.366029
output[18] = 2.868242
output[19] = 1.372248

Some non-zero output values found.
Min value: 0.000000
Max value: 15.233900
Average value: 0.657893
INFO: [SIM 211-1] CSim done with 0 errors.
INFO: [SIM 211-3] *************** CSIM finish ***************
INFO: [HLS 200-111] Finished Command csim_design CPU user time: 1.56 seconds. CPU system time: 0.2 seconds. Elapsed time: 1.75 seconds; current allocated memory: 0.000 MB.
INFO: [HLS 200-112] Total CPU user time: 3.44 seconds. Total CPU system time: 0.43 seconds. Total elapsed time: 13.67 seconds; peak allocated memory: 230.184 MB.
